<?xml version="1.0" encoding="UTF-8"?>
<!-- Generated by org.testng.reporters.JUnitReportReporter -->
<testsuite skipped="0" hostname="MONTY-PC" name="demo.Test2" tests="1" failures="0" timestamp="28 Dec 2017 15:23:12 GMT" time="78.170" errors="0">
  <testcase name="test" time="78.170" classname="demo.Test2"/>
</testsuite> <!-- demo.Test2 -->
