<?xml version="1.0" encoding="UTF-8"?>
<!-- Generated by org.testng.reporters.JUnitReportReporter -->
<testsuite skipped="0" hostname="MONTY-PC" name="demo.Test3$Test2" tests="1" failures="0" timestamp="28 Dec 2017 15:38:50 GMT" time="27.619" errors="0">
  <testcase name="test" time="27.619" classname="demo.Test3$Test2"/>
</testsuite> <!-- demo.Test3$Test2 -->
