<?xml version="1.0" encoding="UTF-8"?>
<!-- Generated by org.testng.reporters.JUnitReportReporter -->
<testsuite skipped="0" hostname="MONTY-PC" name="demo.Test1" tests="1" failures="0" timestamp="28 Dec 2017 15:00:47 GMT" time="65.326" errors="0">
  <testcase name="test" time="65.326" classname="demo.Test1"/>
</testsuite> <!-- demo.Test1 -->
